2024-12-08 18:30:17 DEBUG Skipping Selenium Manager; path to chrome driver specified in Service class: ./chromedriver
2024-12-08 18:30:17 DEBUG Started executable: `./chromedriver` in a child process with pid: 49086 using 0 to output -3
2024-12-08 18:30:17 DEBUG POST http://localhost:50187/session {'capabilities': {'firstMatch': [{}], 'alwaysMatch': {'browserName': 'chrome', 'pageLoadStrategy': <PageLoadStrategy.normal: 'normal'>, 'goog:chromeOptions': {'extensions': [], 'args': []}}}}
2024-12-08 18:30:17 DEBUG Starting new HTTP connection (1): localhost:50187
2024-12-08 18:30:18 DEBUG http://localhost:50187 "POST /session HTTP/11" 200 0
2024-12-08 18:30:18 DEBUG Remote response: status=200 | data={"value":{"capabilities":{"acceptInsecureCerts":false,"browserName":"chrome","browserVersion":"131.0.6778.109","chrome":{"chromedriverVersion":"131.0.6778.0 (24f4010b9bd3b881979bcfdf47fe58767541d118-refs/branch-heads/6778@{#1})","userDataDir":"/var/folders/0f/dg764mgs2blcxm01sx6h0q1r0000gn/T/.org.chromium.Chromium.pclT3j"},"fedcm:accounts":true,"goog:chromeOptions":{"debuggerAddress":"localhost:50194"},"networkConnectionEnabled":false,"pageLoadStrategy":"normal","platformName":"mac","proxy":{},"setWindowRect":true,"strictFileInteractability":false,"timeouts":{"implicit":0,"pageLoad":300000,"script":30000},"unhandledPromptBehavior":"dismiss and notify","webauthn:extension:credBlob":true,"webauthn:extension:largeBlob":true,"webauthn:extension:minPinLength":true,"webauthn:extension:prf":true,"webauthn:virtualAuthenticators":true},"sessionId":"7c4fa4c69ffc50f5e248e70c60289302"}} | headers=HTTPHeaderDict({'Content-Length': '887', 'Content-Type': 'application/json; charset=utf-8', 'cache-control': 'no-cache'})
2024-12-08 18:30:18 DEBUG Finished Request
2024-12-08 18:30:18 DEBUG POST http://localhost:50187/session/7c4fa4c69ffc50f5e248e70c60289302/url {'url': 'https://test-stand.gb.ru'}
2024-12-08 18:30:18 DEBUG http://localhost:50187 "POST /session/7c4fa4c69ffc50f5e248e70c60289302/url HTTP/11" 200 0
2024-12-08 18:30:18 DEBUG Remote response: status=200 | data={"value":null} | headers=HTTPHeaderDict({'Content-Length': '14', 'Content-Type': 'application/json; charset=utf-8', 'cache-control': 'no-cache'})
2024-12-08 18:30:18 DEBUG Finished Request
2024-12-08 18:30:18 DEBUG Вставить test в Логин
2024-12-08 18:30:18 DEBUG POST http://localhost:50187/session/7c4fa4c69ffc50f5e248e70c60289302/element {'using': 'xpath', 'value': '//*[@id="login"]/div[1]/label/input'}
2024-12-08 18:30:18 DEBUG http://localhost:50187 "POST /session/7c4fa4c69ffc50f5e248e70c60289302/element HTTP/11" 200 0
2024-12-08 18:30:18 DEBUG Remote response: status=200 | data={"value":{"element-6066-11e4-a52e-4f735466cecf":"f.359188B67A3875FACB9E39DEAECB6015.d.CF0B034C370547BA70AF4AB9F40A7662.e.2"}} | headers=HTTPHeaderDict({'Content-Length': '125', 'Content-Type': 'application/json; charset=utf-8', 'cache-control': 'no-cache'})
2024-12-08 18:30:18 DEBUG Finished Request
2024-12-08 18:30:18 DEBUG POST http://localhost:50187/session/7c4fa4c69ffc50f5e248e70c60289302/element/f.359188B67A3875FACB9E39DEAECB6015.d.CF0B034C370547BA70AF4AB9F40A7662.e.2/clear {}
2024-12-08 18:30:18 DEBUG http://localhost:50187 "POST /session/7c4fa4c69ffc50f5e248e70c60289302/element/f.359188B67A3875FACB9E39DEAECB6015.d.CF0B034C370547BA70AF4AB9F40A7662.e.2/clear HTTP/11" 200 0
2024-12-08 18:30:18 DEBUG Remote response: status=200 | data={"value":null} | headers=HTTPHeaderDict({'Content-Length': '14', 'Content-Type': 'application/json; charset=utf-8', 'cache-control': 'no-cache'})
2024-12-08 18:30:18 DEBUG Finished Request
2024-12-08 18:30:18 DEBUG POST http://localhost:50187/session/7c4fa4c69ffc50f5e248e70c60289302/element/f.359188B67A3875FACB9E39DEAECB6015.d.CF0B034C370547BA70AF4AB9F40A7662.e.2/value {'text': 'test', 'value': ['t', 'e', 's', 't']}
2024-12-08 18:30:19 DEBUG http://localhost:50187 "POST /session/7c4fa4c69ffc50f5e248e70c60289302/element/f.359188B67A3875FACB9E39DEAECB6015.d.CF0B034C370547BA70AF4AB9F40A7662.e.2/value HTTP/11" 200 0
2024-12-08 18:30:19 DEBUG Remote response: status=200 | data={"value":null} | headers=HTTPHeaderDict({'Content-Length': '14', 'Content-Type': 'application/json; charset=utf-8', 'cache-control': 'no-cache'})
2024-12-08 18:30:19 DEBUG Finished Request
2024-12-08 18:30:19 DEBUG Вставить test в Пароль
2024-12-08 18:30:19 DEBUG POST http://localhost:50187/session/7c4fa4c69ffc50f5e248e70c60289302/element {'using': 'xpath', 'value': '//*[@id="login"]/div[2]/label/input'}
2024-12-08 18:30:19 DEBUG http://localhost:50187 "POST /session/7c4fa4c69ffc50f5e248e70c60289302/element HTTP/11" 200 0
2024-12-08 18:30:19 DEBUG Remote response: status=200 | data={"value":{"element-6066-11e4-a52e-4f735466cecf":"f.359188B67A3875FACB9E39DEAECB6015.d.CF0B034C370547BA70AF4AB9F40A7662.e.4"}} | headers=HTTPHeaderDict({'Content-Length': '125', 'Content-Type': 'application/json; charset=utf-8', 'cache-control': 'no-cache'})
2024-12-08 18:30:19 DEBUG Finished Request
2024-12-08 18:30:19 DEBUG POST http://localhost:50187/session/7c4fa4c69ffc50f5e248e70c60289302/element/f.359188B67A3875FACB9E39DEAECB6015.d.CF0B034C370547BA70AF4AB9F40A7662.e.4/clear {}
2024-12-08 18:30:19 DEBUG http://localhost:50187 "POST /session/7c4fa4c69ffc50f5e248e70c60289302/element/f.359188B67A3875FACB9E39DEAECB6015.d.CF0B034C370547BA70AF4AB9F40A7662.e.4/clear HTTP/11" 200 0
2024-12-08 18:30:19 DEBUG Remote response: status=200 | data={"value":null} | headers=HTTPHeaderDict({'Content-Length': '14', 'Content-Type': 'application/json; charset=utf-8', 'cache-control': 'no-cache'})
2024-12-08 18:30:19 DEBUG Finished Request
2024-12-08 18:30:19 DEBUG POST http://localhost:50187/session/7c4fa4c69ffc50f5e248e70c60289302/element/f.359188B67A3875FACB9E39DEAECB6015.d.CF0B034C370547BA70AF4AB9F40A7662.e.4/value {'text': 'test', 'value': ['t', 'e', 's', 't']}
2024-12-08 18:30:19 DEBUG http://localhost:50187 "POST /session/7c4fa4c69ffc50f5e248e70c60289302/element/f.359188B67A3875FACB9E39DEAECB6015.d.CF0B034C370547BA70AF4AB9F40A7662.e.4/value HTTP/11" 200 0
2024-12-08 18:30:19 DEBUG Remote response: status=200 | data={"value":null} | headers=HTTPHeaderDict({'Content-Length': '14', 'Content-Type': 'application/json; charset=utf-8', 'cache-control': 'no-cache'})
2024-12-08 18:30:19 DEBUG Finished Request
2024-12-08 18:30:19 DEBUG Хотим нажать на Войти
2024-12-08 18:30:19 DEBUG POST http://localhost:50187/session/7c4fa4c69ffc50f5e248e70c60289302/element {'using': 'css selector', 'value': 'button'}
2024-12-08 18:30:19 DEBUG http://localhost:50187 "POST /session/7c4fa4c69ffc50f5e248e70c60289302/element HTTP/11" 200 0
2024-12-08 18:30:19 DEBUG Remote response: status=200 | data={"value":{"element-6066-11e4-a52e-4f735466cecf":"f.359188B67A3875FACB9E39DEAECB6015.d.CF0B034C370547BA70AF4AB9F40A7662.e.5"}} | headers=HTTPHeaderDict({'Content-Length': '125', 'Content-Type': 'application/json; charset=utf-8', 'cache-control': 'no-cache'})
2024-12-08 18:30:19 DEBUG Finished Request
2024-12-08 18:30:19 DEBUG POST http://localhost:50187/session/7c4fa4c69ffc50f5e248e70c60289302/element/f.359188B67A3875FACB9E39DEAECB6015.d.CF0B034C370547BA70AF4AB9F40A7662.e.5/click {}
2024-12-08 18:30:19 DEBUG http://localhost:50187 "POST /session/7c4fa4c69ffc50f5e248e70c60289302/element/f.359188B67A3875FACB9E39DEAECB6015.d.CF0B034C370547BA70AF4AB9F40A7662.e.5/click HTTP/11" 200 0
2024-12-08 18:30:19 DEBUG Remote response: status=200 | data={"value":null} | headers=HTTPHeaderDict({'Content-Length': '14', 'Content-Type': 'application/json; charset=utf-8', 'cache-control': 'no-cache'})
2024-12-08 18:30:19 DEBUG Finished Request
2024-12-08 18:30:19 DEBUG Нажади на Войти
2024-12-08 18:30:19 DEBUG Получить текст из ('xpath', '//*[@id="app"]/main/div/div/div[2]/h2')
2024-12-08 18:30:19 DEBUG POST http://localhost:50187/session/7c4fa4c69ffc50f5e248e70c60289302/element {'using': 'xpath', 'value': '//*[@id="app"]/main/div/div/div[2]/h2'}
2024-12-08 18:30:19 DEBUG http://localhost:50187 "POST /session/7c4fa4c69ffc50f5e248e70c60289302/element HTTP/11" 404 0
2024-12-08 18:30:19 DEBUG Remote response: status=404 | data={"value":{"error":"no such element","message":"no such element: Unable to locate element: {\"method\":\"xpath\",\"selector\":\"//*[@id=\"app\"]/main/div/div/div[2]/h2\"}\n  (Session info: chrome=131.0.6778.109)","stacktrace":"0   chromedriver                        0x000000010483f98c cxxbridge1$str$ptr + 3629928\n1   chromedriver                        0x00000001048381dc cxxbridge1$str$ptr + 3599288\n2   chromedriver                        0x00000001042a4960 cxxbridge1$string$len + 89220\n3   chromedriver                        0x00000001042e8d3c cxxbridge1$string$len + 368736\n4   chromedriver                        0x00000001043225a0 cxxbridge1$string$len + 604356\n5   chromedriver                        0x00000001042dd554 cxxbridge1$string$len + 321656\n6   chromedriver                        0x00000001042de1a4 cxxbridge1$string$len + 324808\n7   chromedriver                        0x000000010480b0d4 cxxbridge1$str$ptr + 3414704\n8   chromedriver                        0x000000010480e400 cxxbridge1$str$ptr + 3427804\n9   chromedriver                        0x00000001047f2420 cxxbridge1$str$ptr + 3313148\n10  chromedriver                        0x000000010480ecc8 cxxbridge1$str$ptr + 3430052\n11  chromedriver                        0x00000001047e3c34 cxxbridge1$str$ptr + 3253776\n12  chromedriver                        0x0000000104828b44 cxxbridge1$str$ptr + 3536160\n13  chromedriver                        0x0000000104828cc0 cxxbridge1$str$ptr + 3536540\n14  chromedriver                        0x0000000104837e50 cxxbridge1$str$ptr + 3598380\n15  libsystem_pthread.dylib             0x000000019379df94 _pthread_start + 136\n16  libsystem_pthread.dylib             0x0000000193798d34 thread_start + 8\n"}} | headers=HTTPHeaderDict({'Content-Length': '1731', 'Content-Type': 'application/json; charset=utf-8', 'cache-control': 'no-cache'})
2024-12-08 18:30:19 DEBUG Finished Request
2024-12-08 18:30:19 DEBUG POST http://localhost:50187/session/7c4fa4c69ffc50f5e248e70c60289302/element {'using': 'xpath', 'value': '//*[@id="app"]/main/div/div/div[2]/h2'}
2024-12-08 18:30:19 DEBUG http://localhost:50187 "POST /session/7c4fa4c69ffc50f5e248e70c60289302/element HTTP/11" 404 0
2024-12-08 18:30:19 DEBUG Remote response: status=404 | data={"value":{"error":"no such element","message":"no such element: Unable to locate element: {\"method\":\"xpath\",\"selector\":\"//*[@id=\"app\"]/main/div/div/div[2]/h2\"}\n  (Session info: chrome=131.0.6778.109)","stacktrace":"0   chromedriver                        0x000000010483f98c cxxbridge1$str$ptr + 3629928\n1   chromedriver                        0x00000001048381dc cxxbridge1$str$ptr + 3599288\n2   chromedriver                        0x00000001042a4960 cxxbridge1$string$len + 89220\n3   chromedriver                        0x00000001042e8d3c cxxbridge1$string$len + 368736\n4   chromedriver                        0x00000001043225a0 cxxbridge1$string$len + 604356\n5   chromedriver                        0x00000001042dd554 cxxbridge1$string$len + 321656\n6   chromedriver                        0x00000001042de1a4 cxxbridge1$string$len + 324808\n7   chromedriver                        0x000000010480b0d4 cxxbridge1$str$ptr + 3414704\n8   chromedriver                        0x000000010480e400 cxxbridge1$str$ptr + 3427804\n9   chromedriver                        0x00000001047f2420 cxxbridge1$str$ptr + 3313148\n10  chromedriver                        0x000000010480ecc8 cxxbridge1$str$ptr + 3430052\n11  chromedriver                        0x00000001047e3c34 cxxbridge1$str$ptr + 3253776\n12  chromedriver                        0x0000000104828b44 cxxbridge1$str$ptr + 3536160\n13  chromedriver                        0x0000000104828cc0 cxxbridge1$str$ptr + 3536540\n14  chromedriver                        0x0000000104837e50 cxxbridge1$str$ptr + 3598380\n15  libsystem_pthread.dylib             0x000000019379df94 _pthread_start + 136\n16  libsystem_pthread.dylib             0x0000000193798d34 thread_start + 8\n"}} | headers=HTTPHeaderDict({'Content-Length': '1731', 'Content-Type': 'application/json; charset=utf-8', 'cache-control': 'no-cache'})
2024-12-08 18:30:19 DEBUG Finished Request
2024-12-08 18:30:20 DEBUG POST http://localhost:50187/session/7c4fa4c69ffc50f5e248e70c60289302/element {'using': 'xpath', 'value': '//*[@id="app"]/main/div/div/div[2]/h2'}
2024-12-08 18:30:20 DEBUG http://localhost:50187 "POST /session/7c4fa4c69ffc50f5e248e70c60289302/element HTTP/11" 404 0
2024-12-08 18:30:20 DEBUG Remote response: status=404 | data={"value":{"error":"no such element","message":"no such element: Unable to locate element: {\"method\":\"xpath\",\"selector\":\"//*[@id=\"app\"]/main/div/div/div[2]/h2\"}\n  (Session info: chrome=131.0.6778.109)","stacktrace":"0   chromedriver                        0x000000010483f98c cxxbridge1$str$ptr + 3629928\n1   chromedriver                        0x00000001048381dc cxxbridge1$str$ptr + 3599288\n2   chromedriver                        0x00000001042a4960 cxxbridge1$string$len + 89220\n3   chromedriver                        0x00000001042e8d3c cxxbridge1$string$len + 368736\n4   chromedriver                        0x00000001043225a0 cxxbridge1$string$len + 604356\n5   chromedriver                        0x00000001042dd554 cxxbridge1$string$len + 321656\n6   chromedriver                        0x00000001042de1a4 cxxbridge1$string$len + 324808\n7   chromedriver                        0x000000010480b0d4 cxxbridge1$str$ptr + 3414704\n8   chromedriver                        0x000000010480e400 cxxbridge1$str$ptr + 3427804\n9   chromedriver                        0x00000001047f2420 cxxbridge1$str$ptr + 3313148\n10  chromedriver                        0x000000010480ecc8 cxxbridge1$str$ptr + 3430052\n11  chromedriver                        0x00000001047e3c34 cxxbridge1$str$ptr + 3253776\n12  chromedriver                        0x0000000104828b44 cxxbridge1$str$ptr + 3536160\n13  chromedriver                        0x0000000104828cc0 cxxbridge1$str$ptr + 3536540\n14  chromedriver                        0x0000000104837e50 cxxbridge1$str$ptr + 3598380\n15  libsystem_pthread.dylib             0x000000019379df94 _pthread_start + 136\n16  libsystem_pthread.dylib             0x0000000193798d34 thread_start + 8\n"}} | headers=HTTPHeaderDict({'Content-Length': '1731', 'Content-Type': 'application/json; charset=utf-8', 'cache-control': 'no-cache'})
2024-12-08 18:30:20 DEBUG Finished Request
2024-12-08 18:30:20 DEBUG POST http://localhost:50187/session/7c4fa4c69ffc50f5e248e70c60289302/element {'using': 'xpath', 'value': '//*[@id="app"]/main/div/div/div[2]/h2'}
2024-12-08 18:30:20 DEBUG http://localhost:50187 "POST /session/7c4fa4c69ffc50f5e248e70c60289302/element HTTP/11" 404 0
2024-12-08 18:30:20 DEBUG Remote response: status=404 | data={"value":{"error":"no such element","message":"no such element: Unable to locate element: {\"method\":\"xpath\",\"selector\":\"//*[@id=\"app\"]/main/div/div/div[2]/h2\"}\n  (Session info: chrome=131.0.6778.109)","stacktrace":"0   chromedriver                        0x000000010483f98c cxxbridge1$str$ptr + 3629928\n1   chromedriver                        0x00000001048381dc cxxbridge1$str$ptr + 3599288\n2   chromedriver                        0x00000001042a4960 cxxbridge1$string$len + 89220\n3   chromedriver                        0x00000001042e8d3c cxxbridge1$string$len + 368736\n4   chromedriver                        0x00000001043225a0 cxxbridge1$string$len + 604356\n5   chromedriver                        0x00000001042dd554 cxxbridge1$string$len + 321656\n6   chromedriver                        0x00000001042de1a4 cxxbridge1$string$len + 324808\n7   chromedriver                        0x000000010480b0d4 cxxbridge1$str$ptr + 3414704\n8   chromedriver                        0x000000010480e400 cxxbridge1$str$ptr + 3427804\n9   chromedriver                        0x00000001047f2420 cxxbridge1$str$ptr + 3313148\n10  chromedriver                        0x000000010480ecc8 cxxbridge1$str$ptr + 3430052\n11  chromedriver                        0x00000001047e3c34 cxxbridge1$str$ptr + 3253776\n12  chromedriver                        0x0000000104828b44 cxxbridge1$str$ptr + 3536160\n13  chromedriver                        0x0000000104828cc0 cxxbridge1$str$ptr + 3536540\n14  chromedriver                        0x0000000104837e50 cxxbridge1$str$ptr + 3598380\n15  libsystem_pthread.dylib             0x000000019379df94 _pthread_start + 136\n16  libsystem_pthread.dylib             0x0000000193798d34 thread_start + 8\n"}} | headers=HTTPHeaderDict({'Content-Length': '1731', 'Content-Type': 'application/json; charset=utf-8', 'cache-control': 'no-cache'})
2024-12-08 18:30:20 DEBUG Finished Request
2024-12-08 18:30:21 DEBUG POST http://localhost:50187/session/7c4fa4c69ffc50f5e248e70c60289302/element {'using': 'xpath', 'value': '//*[@id="app"]/main/div/div/div[2]/h2'}
2024-12-08 18:30:21 DEBUG http://localhost:50187 "POST /session/7c4fa4c69ffc50f5e248e70c60289302/element HTTP/11" 404 0
2024-12-08 18:30:21 DEBUG Remote response: status=404 | data={"value":{"error":"no such element","message":"no such element: Unable to locate element: {\"method\":\"xpath\",\"selector\":\"//*[@id=\"app\"]/main/div/div/div[2]/h2\"}\n  (Session info: chrome=131.0.6778.109)","stacktrace":"0   chromedriver                        0x000000010483f98c cxxbridge1$str$ptr + 3629928\n1   chromedriver                        0x00000001048381dc cxxbridge1$str$ptr + 3599288\n2   chromedriver                        0x00000001042a4960 cxxbridge1$string$len + 89220\n3   chromedriver                        0x00000001042e8d3c cxxbridge1$string$len + 368736\n4   chromedriver                        0x00000001043225a0 cxxbridge1$string$len + 604356\n5   chromedriver                        0x00000001042dd554 cxxbridge1$string$len + 321656\n6   chromedriver                        0x00000001042de1a4 cxxbridge1$string$len + 324808\n7   chromedriver                        0x000000010480b0d4 cxxbridge1$str$ptr + 3414704\n8   chromedriver                        0x000000010480e400 cxxbridge1$str$ptr + 3427804\n9   chromedriver                        0x00000001047f2420 cxxbridge1$str$ptr + 3313148\n10  chromedriver                        0x000000010480ecc8 cxxbridge1$str$ptr + 3430052\n11  chromedriver                        0x00000001047e3c34 cxxbridge1$str$ptr + 3253776\n12  chromedriver                        0x0000000104828b44 cxxbridge1$str$ptr + 3536160\n13  chromedriver                        0x0000000104828cc0 cxxbridge1$str$ptr + 3536540\n14  chromedriver                        0x0000000104837e50 cxxbridge1$str$ptr + 3598380\n15  libsystem_pthread.dylib             0x000000019379df94 _pthread_start + 136\n16  libsystem_pthread.dylib             0x0000000193798d34 thread_start + 8\n"}} | headers=HTTPHeaderDict({'Content-Length': '1731', 'Content-Type': 'application/json; charset=utf-8', 'cache-control': 'no-cache'})
2024-12-08 18:30:21 DEBUG Finished Request
2024-12-08 18:30:21 DEBUG POST http://localhost:50187/session/7c4fa4c69ffc50f5e248e70c60289302/element {'using': 'xpath', 'value': '//*[@id="app"]/main/div/div/div[2]/h2'}
2024-12-08 18:30:21 DEBUG http://localhost:50187 "POST /session/7c4fa4c69ffc50f5e248e70c60289302/element HTTP/11" 404 0
2024-12-08 18:30:21 DEBUG Remote response: status=404 | data={"value":{"error":"no such element","message":"no such element: Unable to locate element: {\"method\":\"xpath\",\"selector\":\"//*[@id=\"app\"]/main/div/div/div[2]/h2\"}\n  (Session info: chrome=131.0.6778.109)","stacktrace":"0   chromedriver                        0x000000010483f98c cxxbridge1$str$ptr + 3629928\n1   chromedriver                        0x00000001048381dc cxxbridge1$str$ptr + 3599288\n2   chromedriver                        0x00000001042a4960 cxxbridge1$string$len + 89220\n3   chromedriver                        0x00000001042e8d3c cxxbridge1$string$len + 368736\n4   chromedriver                        0x00000001043225a0 cxxbridge1$string$len + 604356\n5   chromedriver                        0x00000001042dd554 cxxbridge1$string$len + 321656\n6   chromedriver                        0x00000001042de1a4 cxxbridge1$string$len + 324808\n7   chromedriver                        0x000000010480b0d4 cxxbridge1$str$ptr + 3414704\n8   chromedriver                        0x000000010480e400 cxxbridge1$str$ptr + 3427804\n9   chromedriver                        0x00000001047f2420 cxxbridge1$str$ptr + 3313148\n10  chromedriver                        0x000000010480ecc8 cxxbridge1$str$ptr + 3430052\n11  chromedriver                        0x00000001047e3c34 cxxbridge1$str$ptr + 3253776\n12  chromedriver                        0x0000000104828b44 cxxbridge1$str$ptr + 3536160\n13  chromedriver                        0x0000000104828cc0 cxxbridge1$str$ptr + 3536540\n14  chromedriver                        0x0000000104837e50 cxxbridge1$str$ptr + 3598380\n15  libsystem_pthread.dylib             0x000000019379df94 _pthread_start + 136\n16  libsystem_pthread.dylib             0x0000000193798d34 thread_start + 8\n"}} | headers=HTTPHeaderDict({'Content-Length': '1731', 'Content-Type': 'application/json; charset=utf-8', 'cache-control': 'no-cache'})
2024-12-08 18:30:21 DEBUG Finished Request
2024-12-08 18:30:22 DEBUG POST http://localhost:50187/session/7c4fa4c69ffc50f5e248e70c60289302/element {'using': 'xpath', 'value': '//*[@id="app"]/main/div/div/div[2]/h2'}
2024-12-08 18:30:22 DEBUG http://localhost:50187 "POST /session/7c4fa4c69ffc50f5e248e70c60289302/element HTTP/11" 404 0
2024-12-08 18:30:22 DEBUG Remote response: status=404 | data={"value":{"error":"no such element","message":"no such element: Unable to locate element: {\"method\":\"xpath\",\"selector\":\"//*[@id=\"app\"]/main/div/div/div[2]/h2\"}\n  (Session info: chrome=131.0.6778.109)","stacktrace":"0   chromedriver                        0x000000010483f98c cxxbridge1$str$ptr + 3629928\n1   chromedriver                        0x00000001048381dc cxxbridge1$str$ptr + 3599288\n2   chromedriver                        0x00000001042a4960 cxxbridge1$string$len + 89220\n3   chromedriver                        0x00000001042e8d3c cxxbridge1$string$len + 368736\n4   chromedriver                        0x00000001043225a0 cxxbridge1$string$len + 604356\n5   chromedriver                        0x00000001042dd554 cxxbridge1$string$len + 321656\n6   chromedriver                        0x00000001042de1a4 cxxbridge1$string$len + 324808\n7   chromedriver                        0x000000010480b0d4 cxxbridge1$str$ptr + 3414704\n8   chromedriver                        0x000000010480e400 cxxbridge1$str$ptr + 3427804\n9   chromedriver                        0x00000001047f2420 cxxbridge1$str$ptr + 3313148\n10  chromedriver                        0x000000010480ecc8 cxxbridge1$str$ptr + 3430052\n11  chromedriver                        0x00000001047e3c34 cxxbridge1$str$ptr + 3253776\n12  chromedriver                        0x0000000104828b44 cxxbridge1$str$ptr + 3536160\n13  chromedriver                        0x0000000104828cc0 cxxbridge1$str$ptr + 3536540\n14  chromedriver                        0x0000000104837e50 cxxbridge1$str$ptr + 3598380\n15  libsystem_pthread.dylib             0x000000019379df94 _pthread_start + 136\n16  libsystem_pthread.dylib             0x0000000193798d34 thread_start + 8\n"}} | headers=HTTPHeaderDict({'Content-Length': '1731', 'Content-Type': 'application/json; charset=utf-8', 'cache-control': 'no-cache'})
2024-12-08 18:30:22 DEBUG Finished Request
2024-12-08 18:30:22 DEBUG POST http://localhost:50187/session/7c4fa4c69ffc50f5e248e70c60289302/element {'using': 'xpath', 'value': '//*[@id="app"]/main/div/div/div[2]/h2'}
2024-12-08 18:30:22 DEBUG http://localhost:50187 "POST /session/7c4fa4c69ffc50f5e248e70c60289302/element HTTP/11" 404 0
2024-12-08 18:30:22 DEBUG Remote response: status=404 | data={"value":{"error":"no such element","message":"no such element: Unable to locate element: {\"method\":\"xpath\",\"selector\":\"//*[@id=\"app\"]/main/div/div/div[2]/h2\"}\n  (Session info: chrome=131.0.6778.109)","stacktrace":"0   chromedriver                        0x000000010483f98c cxxbridge1$str$ptr + 3629928\n1   chromedriver                        0x00000001048381dc cxxbridge1$str$ptr + 3599288\n2   chromedriver                        0x00000001042a4960 cxxbridge1$string$len + 89220\n3   chromedriver                        0x00000001042e8d3c cxxbridge1$string$len + 368736\n4   chromedriver                        0x00000001043225a0 cxxbridge1$string$len + 604356\n5   chromedriver                        0x00000001042dd554 cxxbridge1$string$len + 321656\n6   chromedriver                        0x00000001042de1a4 cxxbridge1$string$len + 324808\n7   chromedriver                        0x000000010480b0d4 cxxbridge1$str$ptr + 3414704\n8   chromedriver                        0x000000010480e400 cxxbridge1$str$ptr + 3427804\n9   chromedriver                        0x00000001047f2420 cxxbridge1$str$ptr + 3313148\n10  chromedriver                        0x000000010480ecc8 cxxbridge1$str$ptr + 3430052\n11  chromedriver                        0x00000001047e3c34 cxxbridge1$str$ptr + 3253776\n12  chromedriver                        0x0000000104828b44 cxxbridge1$str$ptr + 3536160\n13  chromedriver                        0x0000000104828cc0 cxxbridge1$str$ptr + 3536540\n14  chromedriver                        0x0000000104837e50 cxxbridge1$str$ptr + 3598380\n15  libsystem_pthread.dylib             0x000000019379df94 _pthread_start + 136\n16  libsystem_pthread.dylib             0x0000000193798d34 thread_start + 8\n"}} | headers=HTTPHeaderDict({'Content-Length': '1731', 'Content-Type': 'application/json; charset=utf-8', 'cache-control': 'no-cache'})
2024-12-08 18:30:22 DEBUG Finished Request
2024-12-08 18:30:23 DEBUG POST http://localhost:50187/session/7c4fa4c69ffc50f5e248e70c60289302/element {'using': 'xpath', 'value': '//*[@id="app"]/main/div/div/div[2]/h2'}
2024-12-08 18:30:23 DEBUG http://localhost:50187 "POST /session/7c4fa4c69ffc50f5e248e70c60289302/element HTTP/11" 404 0
2024-12-08 18:30:23 DEBUG Remote response: status=404 | data={"value":{"error":"no such element","message":"no such element: Unable to locate element: {\"method\":\"xpath\",\"selector\":\"//*[@id=\"app\"]/main/div/div/div[2]/h2\"}\n  (Session info: chrome=131.0.6778.109)","stacktrace":"0   chromedriver                        0x000000010483f98c cxxbridge1$str$ptr + 3629928\n1   chromedriver                        0x00000001048381dc cxxbridge1$str$ptr + 3599288\n2   chromedriver                        0x00000001042a4960 cxxbridge1$string$len + 89220\n3   chromedriver                        0x00000001042e8d3c cxxbridge1$string$len + 368736\n4   chromedriver                        0x00000001043225a0 cxxbridge1$string$len + 604356\n5   chromedriver                        0x00000001042dd554 cxxbridge1$string$len + 321656\n6   chromedriver                        0x00000001042de1a4 cxxbridge1$string$len + 324808\n7   chromedriver                        0x000000010480b0d4 cxxbridge1$str$ptr + 3414704\n8   chromedriver                        0x000000010480e400 cxxbridge1$str$ptr + 3427804\n9   chromedriver                        0x00000001047f2420 cxxbridge1$str$ptr + 3313148\n10  chromedriver                        0x000000010480ecc8 cxxbridge1$str$ptr + 3430052\n11  chromedriver                        0x00000001047e3c34 cxxbridge1$str$ptr + 3253776\n12  chromedriver                        0x0000000104828b44 cxxbridge1$str$ptr + 3536160\n13  chromedriver                        0x0000000104828cc0 cxxbridge1$str$ptr + 3536540\n14  chromedriver                        0x0000000104837e50 cxxbridge1$str$ptr + 3598380\n15  libsystem_pthread.dylib             0x000000019379df94 _pthread_start + 136\n16  libsystem_pthread.dylib             0x0000000193798d34 thread_start + 8\n"}} | headers=HTTPHeaderDict({'Content-Length': '1731', 'Content-Type': 'application/json; charset=utf-8', 'cache-control': 'no-cache'})
2024-12-08 18:30:23 DEBUG Finished Request
2024-12-08 18:30:23 DEBUG POST http://localhost:50187/session/7c4fa4c69ffc50f5e248e70c60289302/element {'using': 'xpath', 'value': '//*[@id="app"]/main/div/div/div[2]/h2'}
2024-12-08 18:30:23 DEBUG http://localhost:50187 "POST /session/7c4fa4c69ffc50f5e248e70c60289302/element HTTP/11" 404 0
2024-12-08 18:30:23 DEBUG Remote response: status=404 | data={"value":{"error":"no such element","message":"no such element: Unable to locate element: {\"method\":\"xpath\",\"selector\":\"//*[@id=\"app\"]/main/div/div/div[2]/h2\"}\n  (Session info: chrome=131.0.6778.109)","stacktrace":"0   chromedriver                        0x000000010483f98c cxxbridge1$str$ptr + 3629928\n1   chromedriver                        0x00000001048381dc cxxbridge1$str$ptr + 3599288\n2   chromedriver                        0x00000001042a4960 cxxbridge1$string$len + 89220\n3   chromedriver                        0x00000001042e8d3c cxxbridge1$string$len + 368736\n4   chromedriver                        0x00000001043225a0 cxxbridge1$string$len + 604356\n5   chromedriver                        0x00000001042dd554 cxxbridge1$string$len + 321656\n6   chromedriver                        0x00000001042de1a4 cxxbridge1$string$len + 324808\n7   chromedriver                        0x000000010480b0d4 cxxbridge1$str$ptr + 3414704\n8   chromedriver                        0x000000010480e400 cxxbridge1$str$ptr + 3427804\n9   chromedriver                        0x00000001047f2420 cxxbridge1$str$ptr + 3313148\n10  chromedriver                        0x000000010480ecc8 cxxbridge1$str$ptr + 3430052\n11  chromedriver                        0x00000001047e3c34 cxxbridge1$str$ptr + 3253776\n12  chromedriver                        0x0000000104828b44 cxxbridge1$str$ptr + 3536160\n13  chromedriver                        0x0000000104828cc0 cxxbridge1$str$ptr + 3536540\n14  chromedriver                        0x0000000104837e50 cxxbridge1$str$ptr + 3598380\n15  libsystem_pthread.dylib             0x000000019379df94 _pthread_start + 136\n16  libsystem_pthread.dylib             0x0000000193798d34 thread_start + 8\n"}} | headers=HTTPHeaderDict({'Content-Length': '1731', 'Content-Type': 'application/json; charset=utf-8', 'cache-control': 'no-cache'})
2024-12-08 18:30:23 DEBUG Finished Request
2024-12-08 18:30:24 DEBUG POST http://localhost:50187/session/7c4fa4c69ffc50f5e248e70c60289302/element {'using': 'xpath', 'value': '//*[@id="app"]/main/div/div/div[2]/h2'}
2024-12-08 18:30:24 DEBUG http://localhost:50187 "POST /session/7c4fa4c69ffc50f5e248e70c60289302/element HTTP/11" 200 0
2024-12-08 18:30:24 DEBUG Remote response: status=200 | data={"value":{"element-6066-11e4-a52e-4f735466cecf":"f.359188B67A3875FACB9E39DEAECB6015.d.CF0B034C370547BA70AF4AB9F40A7662.e.12"}} | headers=HTTPHeaderDict({'Content-Length': '126', 'Content-Type': 'application/json; charset=utf-8', 'cache-control': 'no-cache'})
2024-12-08 18:30:24 DEBUG Finished Request
2024-12-08 18:30:24 DEBUG GET http://localhost:50187/session/7c4fa4c69ffc50f5e248e70c60289302/element/f.359188B67A3875FACB9E39DEAECB6015.d.CF0B034C370547BA70AF4AB9F40A7662.e.12/text {}
2024-12-08 18:30:24 DEBUG http://localhost:50187 "GET /session/7c4fa4c69ffc50f5e248e70c60289302/element/f.359188B67A3875FACB9E39DEAECB6015.d.CF0B034C370547BA70AF4AB9F40A7662.e.12/text HTTP/11" 200 0
2024-12-08 18:30:24 DEBUG Remote response: status=200 | data={"value":"401"} | headers=HTTPHeaderDict({'Content-Length': '15', 'Content-Type': 'application/json; charset=utf-8', 'cache-control': 'no-cache'})
2024-12-08 18:30:24 DEBUG Finished Request
2024-12-08 18:30:24 DEBUG Текст из ('xpath', '//*[@id="app"]/main/div/div/div[2]/h2'): 401
2024-12-08 18:30:24 DEBUG Вставить GB2023091eb640 в Логин
2024-12-08 18:30:24 DEBUG POST http://localhost:50187/session/7c4fa4c69ffc50f5e248e70c60289302/element {'using': 'xpath', 'value': '//*[@id="login"]/div[1]/label/input'}
2024-12-08 18:30:24 DEBUG http://localhost:50187 "POST /session/7c4fa4c69ffc50f5e248e70c60289302/element HTTP/11" 200 0
2024-12-08 18:30:24 DEBUG Remote response: status=200 | data={"value":{"element-6066-11e4-a52e-4f735466cecf":"f.359188B67A3875FACB9E39DEAECB6015.d.CF0B034C370547BA70AF4AB9F40A7662.e.2"}} | headers=HTTPHeaderDict({'Content-Length': '125', 'Content-Type': 'application/json; charset=utf-8', 'cache-control': 'no-cache'})
2024-12-08 18:30:24 DEBUG Finished Request
2024-12-08 18:30:24 DEBUG POST http://localhost:50187/session/7c4fa4c69ffc50f5e248e70c60289302/element/f.359188B67A3875FACB9E39DEAECB6015.d.CF0B034C370547BA70AF4AB9F40A7662.e.2/clear {}
2024-12-08 18:30:24 DEBUG http://localhost:50187 "POST /session/7c4fa4c69ffc50f5e248e70c60289302/element/f.359188B67A3875FACB9E39DEAECB6015.d.CF0B034C370547BA70AF4AB9F40A7662.e.2/clear HTTP/11" 200 0
2024-12-08 18:30:24 DEBUG Remote response: status=200 | data={"value":null} | headers=HTTPHeaderDict({'Content-Length': '14', 'Content-Type': 'application/json; charset=utf-8', 'cache-control': 'no-cache'})
2024-12-08 18:30:24 DEBUG Finished Request
2024-12-08 18:30:24 DEBUG POST http://localhost:50187/session/7c4fa4c69ffc50f5e248e70c60289302/element/f.359188B67A3875FACB9E39DEAECB6015.d.CF0B034C370547BA70AF4AB9F40A7662.e.2/value {'text': 'GB2023091eb640', 'value': ['G', 'B', '2', '0', '2', '3', '0', '9', '1', 'e', 'b', '6', '4', '0']}
2024-12-08 18:30:24 DEBUG http://localhost:50187 "POST /session/7c4fa4c69ffc50f5e248e70c60289302/element/f.359188B67A3875FACB9E39DEAECB6015.d.CF0B034C370547BA70AF4AB9F40A7662.e.2/value HTTP/11" 200 0
2024-12-08 18:30:24 DEBUG Remote response: status=200 | data={"value":null} | headers=HTTPHeaderDict({'Content-Length': '14', 'Content-Type': 'application/json; charset=utf-8', 'cache-control': 'no-cache'})
2024-12-08 18:30:24 DEBUG Finished Request
2024-12-08 18:30:24 DEBUG Вставить f955ba464f в Пароль
2024-12-08 18:30:24 DEBUG POST http://localhost:50187/session/7c4fa4c69ffc50f5e248e70c60289302/element {'using': 'xpath', 'value': '//*[@id="login"]/div[2]/label/input'}
2024-12-08 18:30:24 DEBUG http://localhost:50187 "POST /session/7c4fa4c69ffc50f5e248e70c60289302/element HTTP/11" 200 0
2024-12-08 18:30:24 DEBUG Remote response: status=200 | data={"value":{"element-6066-11e4-a52e-4f735466cecf":"f.359188B67A3875FACB9E39DEAECB6015.d.CF0B034C370547BA70AF4AB9F40A7662.e.4"}} | headers=HTTPHeaderDict({'Content-Length': '125', 'Content-Type': 'application/json; charset=utf-8', 'cache-control': 'no-cache'})
2024-12-08 18:30:24 DEBUG Finished Request
2024-12-08 18:30:24 DEBUG POST http://localhost:50187/session/7c4fa4c69ffc50f5e248e70c60289302/element/f.359188B67A3875FACB9E39DEAECB6015.d.CF0B034C370547BA70AF4AB9F40A7662.e.4/clear {}
2024-12-08 18:30:24 DEBUG http://localhost:50187 "POST /session/7c4fa4c69ffc50f5e248e70c60289302/element/f.359188B67A3875FACB9E39DEAECB6015.d.CF0B034C370547BA70AF4AB9F40A7662.e.4/clear HTTP/11" 200 0
2024-12-08 18:30:24 DEBUG Remote response: status=200 | data={"value":null} | headers=HTTPHeaderDict({'Content-Length': '14', 'Content-Type': 'application/json; charset=utf-8', 'cache-control': 'no-cache'})
2024-12-08 18:30:24 DEBUG Finished Request
2024-12-08 18:30:24 DEBUG POST http://localhost:50187/session/7c4fa4c69ffc50f5e248e70c60289302/element/f.359188B67A3875FACB9E39DEAECB6015.d.CF0B034C370547BA70AF4AB9F40A7662.e.4/value {'text': 'f955ba464f', 'value': ['f', '9', '5', '5', 'b', 'a', '4', '6', '4', 'f']}
2024-12-08 18:30:24 DEBUG http://localhost:50187 "POST /session/7c4fa4c69ffc50f5e248e70c60289302/element/f.359188B67A3875FACB9E39DEAECB6015.d.CF0B034C370547BA70AF4AB9F40A7662.e.4/value HTTP/11" 200 0
2024-12-08 18:30:24 DEBUG Remote response: status=200 | data={"value":null} | headers=HTTPHeaderDict({'Content-Length': '14', 'Content-Type': 'application/json; charset=utf-8', 'cache-control': 'no-cache'})
2024-12-08 18:30:24 DEBUG Finished Request
2024-12-08 18:30:24 DEBUG Хотим нажать на Войти
2024-12-08 18:30:24 DEBUG POST http://localhost:50187/session/7c4fa4c69ffc50f5e248e70c60289302/element {'using': 'css selector', 'value': 'button'}
2024-12-08 18:30:24 DEBUG http://localhost:50187 "POST /session/7c4fa4c69ffc50f5e248e70c60289302/element HTTP/11" 200 0
2024-12-08 18:30:24 DEBUG Remote response: status=200 | data={"value":{"element-6066-11e4-a52e-4f735466cecf":"f.359188B67A3875FACB9E39DEAECB6015.d.CF0B034C370547BA70AF4AB9F40A7662.e.5"}} | headers=HTTPHeaderDict({'Content-Length': '125', 'Content-Type': 'application/json; charset=utf-8', 'cache-control': 'no-cache'})
2024-12-08 18:30:24 DEBUG Finished Request
2024-12-08 18:30:24 DEBUG POST http://localhost:50187/session/7c4fa4c69ffc50f5e248e70c60289302/element/f.359188B67A3875FACB9E39DEAECB6015.d.CF0B034C370547BA70AF4AB9F40A7662.e.5/click {}
2024-12-08 18:30:24 DEBUG http://localhost:50187 "POST /session/7c4fa4c69ffc50f5e248e70c60289302/element/f.359188B67A3875FACB9E39DEAECB6015.d.CF0B034C370547BA70AF4AB9F40A7662.e.5/click HTTP/11" 200 0
2024-12-08 18:30:24 DEBUG Remote response: status=200 | data={"value":null} | headers=HTTPHeaderDict({'Content-Length': '14', 'Content-Type': 'application/json; charset=utf-8', 'cache-control': 'no-cache'})
2024-12-08 18:30:24 DEBUG Finished Request
2024-12-08 18:30:24 DEBUG Нажади на Войти
2024-12-08 18:30:24 DEBUG Получить текст из ('xpath', '//*[@id="app"]/main/nav/ul/li[3]/a')
2024-12-08 18:30:24 DEBUG POST http://localhost:50187/session/7c4fa4c69ffc50f5e248e70c60289302/element {'using': 'xpath', 'value': '//*[@id="app"]/main/nav/ul/li[3]/a'}
2024-12-08 18:30:24 DEBUG http://localhost:50187 "POST /session/7c4fa4c69ffc50f5e248e70c60289302/element HTTP/11" 404 0
2024-12-08 18:30:24 DEBUG Remote response: status=404 | data={"value":{"error":"no such element","message":"no such element: Unable to locate element: {\"method\":\"xpath\",\"selector\":\"//*[@id=\"app\"]/main/nav/ul/li[3]/a\"}\n  (Session info: chrome=131.0.6778.109)","stacktrace":"0   chromedriver                        0x000000010483f98c cxxbridge1$str$ptr + 3629928\n1   chromedriver                        0x00000001048381dc cxxbridge1$str$ptr + 3599288\n2   chromedriver                        0x00000001042a4960 cxxbridge1$string$len + 89220\n3   chromedriver                        0x00000001042e8d3c cxxbridge1$string$len + 368736\n4   chromedriver                        0x00000001043225a0 cxxbridge1$string$len + 604356\n5   chromedriver                        0x00000001042dd554 cxxbridge1$string$len + 321656\n6   chromedriver                        0x00000001042de1a4 cxxbridge1$string$len + 324808\n7   chromedriver                        0x000000010480b0d4 cxxbridge1$str$ptr + 3414704\n8   chromedriver                        0x000000010480e400 cxxbridge1$str$ptr + 3427804\n9   chromedriver                        0x00000001047f2420 cxxbridge1$str$ptr + 3313148\n10  chromedriver                        0x000000010480ecc8 cxxbridge1$str$ptr + 3430052\n11  chromedriver                        0x00000001047e3c34 cxxbridge1$str$ptr + 3253776\n12  chromedriver                        0x0000000104828b44 cxxbridge1$str$ptr + 3536160\n13  chromedriver                        0x0000000104828cc0 cxxbridge1$str$ptr + 3536540\n14  chromedriver                        0x0000000104837e50 cxxbridge1$str$ptr + 3598380\n15  libsystem_pthread.dylib             0x000000019379df94 _pthread_start + 136\n16  libsystem_pthread.dylib             0x0000000193798d34 thread_start + 8\n"}} | headers=HTTPHeaderDict({'Content-Length': '1728', 'Content-Type': 'application/json; charset=utf-8', 'cache-control': 'no-cache'})
2024-12-08 18:30:24 DEBUG Finished Request
2024-12-08 18:30:24 DEBUG POST http://localhost:50187/session/7c4fa4c69ffc50f5e248e70c60289302/element {'using': 'xpath', 'value': '//*[@id="app"]/main/nav/ul/li[3]/a'}
2024-12-08 18:30:24 DEBUG http://localhost:50187 "POST /session/7c4fa4c69ffc50f5e248e70c60289302/element HTTP/11" 404 0
2024-12-08 18:30:24 DEBUG Remote response: status=404 | data={"value":{"error":"no such element","message":"no such element: Unable to locate element: {\"method\":\"xpath\",\"selector\":\"//*[@id=\"app\"]/main/nav/ul/li[3]/a\"}\n  (Session info: chrome=131.0.6778.109)","stacktrace":"0   chromedriver                        0x000000010483f98c cxxbridge1$str$ptr + 3629928\n1   chromedriver                        0x00000001048381dc cxxbridge1$str$ptr + 3599288\n2   chromedriver                        0x00000001042a4960 cxxbridge1$string$len + 89220\n3   chromedriver                        0x00000001042e8d3c cxxbridge1$string$len + 368736\n4   chromedriver                        0x00000001043225a0 cxxbridge1$string$len + 604356\n5   chromedriver                        0x00000001042dd554 cxxbridge1$string$len + 321656\n6   chromedriver                        0x00000001042de1a4 cxxbridge1$string$len + 324808\n7   chromedriver                        0x000000010480b0d4 cxxbridge1$str$ptr + 3414704\n8   chromedriver                        0x000000010480e400 cxxbridge1$str$ptr + 3427804\n9   chromedriver                        0x00000001047f2420 cxxbridge1$str$ptr + 3313148\n10  chromedriver                        0x000000010480ecc8 cxxbridge1$str$ptr + 3430052\n11  chromedriver                        0x00000001047e3c34 cxxbridge1$str$ptr + 3253776\n12  chromedriver                        0x0000000104828b44 cxxbridge1$str$ptr + 3536160\n13  chromedriver                        0x0000000104828cc0 cxxbridge1$str$ptr + 3536540\n14  chromedriver                        0x0000000104837e50 cxxbridge1$str$ptr + 3598380\n15  libsystem_pthread.dylib             0x000000019379df94 _pthread_start + 136\n16  libsystem_pthread.dylib             0x0000000193798d34 thread_start + 8\n"}} | headers=HTTPHeaderDict({'Content-Length': '1728', 'Content-Type': 'application/json; charset=utf-8', 'cache-control': 'no-cache'})
2024-12-08 18:30:24 DEBUG Finished Request
2024-12-08 18:30:25 DEBUG POST http://localhost:50187/session/7c4fa4c69ffc50f5e248e70c60289302/element {'using': 'xpath', 'value': '//*[@id="app"]/main/nav/ul/li[3]/a'}
2024-12-08 18:30:25 DEBUG http://localhost:50187 "POST /session/7c4fa4c69ffc50f5e248e70c60289302/element HTTP/11" 404 0
2024-12-08 18:30:25 DEBUG Remote response: status=404 | data={"value":{"error":"no such element","message":"no such element: Unable to locate element: {\"method\":\"xpath\",\"selector\":\"//*[@id=\"app\"]/main/nav/ul/li[3]/a\"}\n  (Session info: chrome=131.0.6778.109)","stacktrace":"0   chromedriver                        0x000000010483f98c cxxbridge1$str$ptr + 3629928\n1   chromedriver                        0x00000001048381dc cxxbridge1$str$ptr + 3599288\n2   chromedriver                        0x00000001042a4960 cxxbridge1$string$len + 89220\n3   chromedriver                        0x00000001042e8d3c cxxbridge1$string$len + 368736\n4   chromedriver                        0x00000001043225a0 cxxbridge1$string$len + 604356\n5   chromedriver                        0x00000001042dd554 cxxbridge1$string$len + 321656\n6   chromedriver                        0x00000001042de1a4 cxxbridge1$string$len + 324808\n7   chromedriver                        0x000000010480b0d4 cxxbridge1$str$ptr + 3414704\n8   chromedriver                        0x000000010480e400 cxxbridge1$str$ptr + 3427804\n9   chromedriver                        0x00000001047f2420 cxxbridge1$str$ptr + 3313148\n10  chromedriver                        0x000000010480ecc8 cxxbridge1$str$ptr + 3430052\n11  chromedriver                        0x00000001047e3c34 cxxbridge1$str$ptr + 3253776\n12  chromedriver                        0x0000000104828b44 cxxbridge1$str$ptr + 3536160\n13  chromedriver                        0x0000000104828cc0 cxxbridge1$str$ptr + 3536540\n14  chromedriver                        0x0000000104837e50 cxxbridge1$str$ptr + 3598380\n15  libsystem_pthread.dylib             0x000000019379df94 _pthread_start + 136\n16  libsystem_pthread.dylib             0x0000000193798d34 thread_start + 8\n"}} | headers=HTTPHeaderDict({'Content-Length': '1728', 'Content-Type': 'application/json; charset=utf-8', 'cache-control': 'no-cache'})
2024-12-08 18:30:25 DEBUG Finished Request
2024-12-08 18:30:25 DEBUG POST http://localhost:50187/session/7c4fa4c69ffc50f5e248e70c60289302/element {'using': 'xpath', 'value': '//*[@id="app"]/main/nav/ul/li[3]/a'}
2024-12-08 18:30:25 DEBUG http://localhost:50187 "POST /session/7c4fa4c69ffc50f5e248e70c60289302/element HTTP/11" 404 0
2024-12-08 18:30:25 DEBUG Remote response: status=404 | data={"value":{"error":"no such element","message":"no such element: Unable to locate element: {\"method\":\"xpath\",\"selector\":\"//*[@id=\"app\"]/main/nav/ul/li[3]/a\"}\n  (Session info: chrome=131.0.6778.109)","stacktrace":"0   chromedriver                        0x000000010483f98c cxxbridge1$str$ptr + 3629928\n1   chromedriver                        0x00000001048381dc cxxbridge1$str$ptr + 3599288\n2   chromedriver                        0x00000001042a4960 cxxbridge1$string$len + 89220\n3   chromedriver                        0x00000001042e8d3c cxxbridge1$string$len + 368736\n4   chromedriver                        0x00000001043225a0 cxxbridge1$string$len + 604356\n5   chromedriver                        0x00000001042dd554 cxxbridge1$string$len + 321656\n6   chromedriver                        0x00000001042de1a4 cxxbridge1$string$len + 324808\n7   chromedriver                        0x000000010480b0d4 cxxbridge1$str$ptr + 3414704\n8   chromedriver                        0x000000010480e400 cxxbridge1$str$ptr + 3427804\n9   chromedriver                        0x00000001047f2420 cxxbridge1$str$ptr + 3313148\n10  chromedriver                        0x000000010480ecc8 cxxbridge1$str$ptr + 3430052\n11  chromedriver                        0x00000001047e3c34 cxxbridge1$str$ptr + 3253776\n12  chromedriver                        0x0000000104828b44 cxxbridge1$str$ptr + 3536160\n13  chromedriver                        0x0000000104828cc0 cxxbridge1$str$ptr + 3536540\n14  chromedriver                        0x0000000104837e50 cxxbridge1$str$ptr + 3598380\n15  libsystem_pthread.dylib             0x000000019379df94 _pthread_start + 136\n16  libsystem_pthread.dylib             0x0000000193798d34 thread_start + 8\n"}} | headers=HTTPHeaderDict({'Content-Length': '1728', 'Content-Type': 'application/json; charset=utf-8', 'cache-control': 'no-cache'})
2024-12-08 18:30:25 DEBUG Finished Request
2024-12-08 18:30:26 DEBUG POST http://localhost:50187/session/7c4fa4c69ffc50f5e248e70c60289302/element {'using': 'xpath', 'value': '//*[@id="app"]/main/nav/ul/li[3]/a'}
2024-12-08 18:30:26 DEBUG http://localhost:50187 "POST /session/7c4fa4c69ffc50f5e248e70c60289302/element HTTP/11" 404 0
2024-12-08 18:30:26 DEBUG Remote response: status=404 | data={"value":{"error":"no such element","message":"no such element: Unable to locate element: {\"method\":\"xpath\",\"selector\":\"//*[@id=\"app\"]/main/nav/ul/li[3]/a\"}\n  (Session info: chrome=131.0.6778.109)","stacktrace":"0   chromedriver                        0x000000010483f98c cxxbridge1$str$ptr + 3629928\n1   chromedriver                        0x00000001048381dc cxxbridge1$str$ptr + 3599288\n2   chromedriver                        0x00000001042a4960 cxxbridge1$string$len + 89220\n3   chromedriver                        0x00000001042e8d3c cxxbridge1$string$len + 368736\n4   chromedriver                        0x00000001043225a0 cxxbridge1$string$len + 604356\n5   chromedriver                        0x00000001042dd554 cxxbridge1$string$len + 321656\n6   chromedriver                        0x00000001042de1a4 cxxbridge1$string$len + 324808\n7   chromedriver                        0x000000010480b0d4 cxxbridge1$str$ptr + 3414704\n8   chromedriver                        0x000000010480e400 cxxbridge1$str$ptr + 3427804\n9   chromedriver                        0x00000001047f2420 cxxbridge1$str$ptr + 3313148\n10  chromedriver                        0x000000010480ecc8 cxxbridge1$str$ptr + 3430052\n11  chromedriver                        0x00000001047e3c34 cxxbridge1$str$ptr + 3253776\n12  chromedriver                        0x0000000104828b44 cxxbridge1$str$ptr + 3536160\n13  chromedriver                        0x0000000104828cc0 cxxbridge1$str$ptr + 3536540\n14  chromedriver                        0x0000000104837e50 cxxbridge1$str$ptr + 3598380\n15  libsystem_pthread.dylib             0x000000019379df94 _pthread_start + 136\n16  libsystem_pthread.dylib             0x0000000193798d34 thread_start + 8\n"}} | headers=HTTPHeaderDict({'Content-Length': '1728', 'Content-Type': 'application/json; charset=utf-8', 'cache-control': 'no-cache'})
2024-12-08 18:30:26 DEBUG Finished Request
2024-12-08 18:30:26 DEBUG POST http://localhost:50187/session/7c4fa4c69ffc50f5e248e70c60289302/element {'using': 'xpath', 'value': '//*[@id="app"]/main/nav/ul/li[3]/a'}
2024-12-08 18:30:26 DEBUG http://localhost:50187 "POST /session/7c4fa4c69ffc50f5e248e70c60289302/element HTTP/11" 404 0
2024-12-08 18:30:26 DEBUG Remote response: status=404 | data={"value":{"error":"no such element","message":"no such element: Unable to locate element: {\"method\":\"xpath\",\"selector\":\"//*[@id=\"app\"]/main/nav/ul/li[3]/a\"}\n  (Session info: chrome=131.0.6778.109)","stacktrace":"0   chromedriver                        0x000000010483f98c cxxbridge1$str$ptr + 3629928\n1   chromedriver                        0x00000001048381dc cxxbridge1$str$ptr + 3599288\n2   chromedriver                        0x00000001042a4960 cxxbridge1$string$len + 89220\n3   chromedriver                        0x00000001042e8d3c cxxbridge1$string$len + 368736\n4   chromedriver                        0x00000001043225a0 cxxbridge1$string$len + 604356\n5   chromedriver                        0x00000001042dd554 cxxbridge1$string$len + 321656\n6   chromedriver                        0x00000001042de1a4 cxxbridge1$string$len + 324808\n7   chromedriver                        0x000000010480b0d4 cxxbridge1$str$ptr + 3414704\n8   chromedriver                        0x000000010480e400 cxxbridge1$str$ptr + 3427804\n9   chromedriver                        0x00000001047f2420 cxxbridge1$str$ptr + 3313148\n10  chromedriver                        0x000000010480ecc8 cxxbridge1$str$ptr + 3430052\n11  chromedriver                        0x00000001047e3c34 cxxbridge1$str$ptr + 3253776\n12  chromedriver                        0x0000000104828b44 cxxbridge1$str$ptr + 3536160\n13  chromedriver                        0x0000000104828cc0 cxxbridge1$str$ptr + 3536540\n14  chromedriver                        0x0000000104837e50 cxxbridge1$str$ptr + 3598380\n15  libsystem_pthread.dylib             0x000000019379df94 _pthread_start + 136\n16  libsystem_pthread.dylib             0x0000000193798d34 thread_start + 8\n"}} | headers=HTTPHeaderDict({'Content-Length': '1728', 'Content-Type': 'application/json; charset=utf-8', 'cache-control': 'no-cache'})
2024-12-08 18:30:26 DEBUG Finished Request
2024-12-08 18:30:27 DEBUG POST http://localhost:50187/session/7c4fa4c69ffc50f5e248e70c60289302/element {'using': 'xpath', 'value': '//*[@id="app"]/main/nav/ul/li[3]/a'}
2024-12-08 18:30:27 DEBUG http://localhost:50187 "POST /session/7c4fa4c69ffc50f5e248e70c60289302/element HTTP/11" 404 0
2024-12-08 18:30:27 DEBUG Remote response: status=404 | data={"value":{"error":"no such element","message":"no such element: Unable to locate element: {\"method\":\"xpath\",\"selector\":\"//*[@id=\"app\"]/main/nav/ul/li[3]/a\"}\n  (Session info: chrome=131.0.6778.109)","stacktrace":"0   chromedriver                        0x000000010483f98c cxxbridge1$str$ptr + 3629928\n1   chromedriver                        0x00000001048381dc cxxbridge1$str$ptr + 3599288\n2   chromedriver                        0x00000001042a4960 cxxbridge1$string$len + 89220\n3   chromedriver                        0x00000001042e8d3c cxxbridge1$string$len + 368736\n4   chromedriver                        0x00000001043225a0 cxxbridge1$string$len + 604356\n5   chromedriver                        0x00000001042dd554 cxxbridge1$string$len + 321656\n6   chromedriver                        0x00000001042de1a4 cxxbridge1$string$len + 324808\n7   chromedriver                        0x000000010480b0d4 cxxbridge1$str$ptr + 3414704\n8   chromedriver                        0x000000010480e400 cxxbridge1$str$ptr + 3427804\n9   chromedriver                        0x00000001047f2420 cxxbridge1$str$ptr + 3313148\n10  chromedriver                        0x000000010480ecc8 cxxbridge1$str$ptr + 3430052\n11  chromedriver                        0x00000001047e3c34 cxxbridge1$str$ptr + 3253776\n12  chromedriver                        0x0000000104828b44 cxxbridge1$str$ptr + 3536160\n13  chromedriver                        0x0000000104828cc0 cxxbridge1$str$ptr + 3536540\n14  chromedriver                        0x0000000104837e50 cxxbridge1$str$ptr + 3598380\n15  libsystem_pthread.dylib             0x000000019379df94 _pthread_start + 136\n16  libsystem_pthread.dylib             0x0000000193798d34 thread_start + 8\n"}} | headers=HTTPHeaderDict({'Content-Length': '1728', 'Content-Type': 'application/json; charset=utf-8', 'cache-control': 'no-cache'})
2024-12-08 18:30:27 DEBUG Finished Request
2024-12-08 18:30:28 DEBUG POST http://localhost:50187/session/7c4fa4c69ffc50f5e248e70c60289302/element {'using': 'xpath', 'value': '//*[@id="app"]/main/nav/ul/li[3]/a'}
2024-12-08 18:30:28 DEBUG http://localhost:50187 "POST /session/7c4fa4c69ffc50f5e248e70c60289302/element HTTP/11" 404 0
2024-12-08 18:30:28 DEBUG Remote response: status=404 | data={"value":{"error":"no such element","message":"no such element: Unable to locate element: {\"method\":\"xpath\",\"selector\":\"//*[@id=\"app\"]/main/nav/ul/li[3]/a\"}\n  (Session info: chrome=131.0.6778.109)","stacktrace":"0   chromedriver                        0x000000010483f98c cxxbridge1$str$ptr + 3629928\n1   chromedriver                        0x00000001048381dc cxxbridge1$str$ptr + 3599288\n2   chromedriver                        0x00000001042a4960 cxxbridge1$string$len + 89220\n3   chromedriver                        0x00000001042e8d3c cxxbridge1$string$len + 368736\n4   chromedriver                        0x00000001043225a0 cxxbridge1$string$len + 604356\n5   chromedriver                        0x00000001042dd554 cxxbridge1$string$len + 321656\n6   chromedriver                        0x00000001042de1a4 cxxbridge1$string$len + 324808\n7   chromedriver                        0x000000010480b0d4 cxxbridge1$str$ptr + 3414704\n8   chromedriver                        0x000000010480e400 cxxbridge1$str$ptr + 3427804\n9   chromedriver                        0x00000001047f2420 cxxbridge1$str$ptr + 3313148\n10  chromedriver                        0x000000010480ecc8 cxxbridge1$str$ptr + 3430052\n11  chromedriver                        0x00000001047e3c34 cxxbridge1$str$ptr + 3253776\n12  chromedriver                        0x0000000104828b44 cxxbridge1$str$ptr + 3536160\n13  chromedriver                        0x0000000104828cc0 cxxbridge1$str$ptr + 3536540\n14  chromedriver                        0x0000000104837e50 cxxbridge1$str$ptr + 3598380\n15  libsystem_pthread.dylib             0x000000019379df94 _pthread_start + 136\n16  libsystem_pthread.dylib             0x0000000193798d34 thread_start + 8\n"}} | headers=HTTPHeaderDict({'Content-Length': '1728', 'Content-Type': 'application/json; charset=utf-8', 'cache-control': 'no-cache'})
2024-12-08 18:30:28 DEBUG Finished Request
2024-12-08 18:30:28 DEBUG POST http://localhost:50187/session/7c4fa4c69ffc50f5e248e70c60289302/element {'using': 'xpath', 'value': '//*[@id="app"]/main/nav/ul/li[3]/a'}
2024-12-08 18:30:28 DEBUG http://localhost:50187 "POST /session/7c4fa4c69ffc50f5e248e70c60289302/element HTTP/11" 404 0
2024-12-08 18:30:28 DEBUG Remote response: status=404 | data={"value":{"error":"no such element","message":"no such element: Unable to locate element: {\"method\":\"xpath\",\"selector\":\"//*[@id=\"app\"]/main/nav/ul/li[3]/a\"}\n  (Session info: chrome=131.0.6778.109)","stacktrace":"0   chromedriver                        0x000000010483f98c cxxbridge1$str$ptr + 3629928\n1   chromedriver                        0x00000001048381dc cxxbridge1$str$ptr + 3599288\n2   chromedriver                        0x00000001042a4960 cxxbridge1$string$len + 89220\n3   chromedriver                        0x00000001042e8d3c cxxbridge1$string$len + 368736\n4   chromedriver                        0x00000001043225a0 cxxbridge1$string$len + 604356\n5   chromedriver                        0x00000001042dd554 cxxbridge1$string$len + 321656\n6   chromedriver                        0x00000001042de1a4 cxxbridge1$string$len + 324808\n7   chromedriver                        0x000000010480b0d4 cxxbridge1$str$ptr + 3414704\n8   chromedriver                        0x000000010480e400 cxxbridge1$str$ptr + 3427804\n9   chromedriver                        0x00000001047f2420 cxxbridge1$str$ptr + 3313148\n10  chromedriver                        0x000000010480ecc8 cxxbridge1$str$ptr + 3430052\n11  chromedriver                        0x00000001047e3c34 cxxbridge1$str$ptr + 3253776\n12  chromedriver                        0x0000000104828b44 cxxbridge1$str$ptr + 3536160\n13  chromedriver                        0x0000000104828cc0 cxxbridge1$str$ptr + 3536540\n14  chromedriver                        0x0000000104837e50 cxxbridge1$str$ptr + 3598380\n15  libsystem_pthread.dylib             0x000000019379df94 _pthread_start + 136\n16  libsystem_pthread.dylib             0x0000000193798d34 thread_start + 8\n"}} | headers=HTTPHeaderDict({'Content-Length': '1728', 'Content-Type': 'application/json; charset=utf-8', 'cache-control': 'no-cache'})
2024-12-08 18:30:28 DEBUG Finished Request
2024-12-08 18:30:29 DEBUG POST http://localhost:50187/session/7c4fa4c69ffc50f5e248e70c60289302/element {'using': 'xpath', 'value': '//*[@id="app"]/main/nav/ul/li[3]/a'}
2024-12-08 18:30:29 DEBUG http://localhost:50187 "POST /session/7c4fa4c69ffc50f5e248e70c60289302/element HTTP/11" 404 0
2024-12-08 18:30:29 DEBUG Remote response: status=404 | data={"value":{"error":"no such element","message":"no such element: Unable to locate element: {\"method\":\"xpath\",\"selector\":\"//*[@id=\"app\"]/main/nav/ul/li[3]/a\"}\n  (Session info: chrome=131.0.6778.109)","stacktrace":"0   chromedriver                        0x000000010483f98c cxxbridge1$str$ptr + 3629928\n1   chromedriver                        0x00000001048381dc cxxbridge1$str$ptr + 3599288\n2   chromedriver                        0x00000001042a4960 cxxbridge1$string$len + 89220\n3   chromedriver                        0x00000001042e8d3c cxxbridge1$string$len + 368736\n4   chromedriver                        0x00000001043225a0 cxxbridge1$string$len + 604356\n5   chromedriver                        0x00000001042dd554 cxxbridge1$string$len + 321656\n6   chromedriver                        0x00000001042de1a4 cxxbridge1$string$len + 324808\n7   chromedriver                        0x000000010480b0d4 cxxbridge1$str$ptr + 3414704\n8   chromedriver                        0x000000010480e400 cxxbridge1$str$ptr + 3427804\n9   chromedriver                        0x00000001047f2420 cxxbridge1$str$ptr + 3313148\n10  chromedriver                        0x000000010480ecc8 cxxbridge1$str$ptr + 3430052\n11  chromedriver                        0x00000001047e3c34 cxxbridge1$str$ptr + 3253776\n12  chromedriver                        0x0000000104828b44 cxxbridge1$str$ptr + 3536160\n13  chromedriver                        0x0000000104828cc0 cxxbridge1$str$ptr + 3536540\n14  chromedriver                        0x0000000104837e50 cxxbridge1$str$ptr + 3598380\n15  libsystem_pthread.dylib             0x000000019379df94 _pthread_start + 136\n16  libsystem_pthread.dylib             0x0000000193798d34 thread_start + 8\n"}} | headers=HTTPHeaderDict({'Content-Length': '1728', 'Content-Type': 'application/json; charset=utf-8', 'cache-control': 'no-cache'})
2024-12-08 18:30:29 DEBUG Finished Request
2024-12-08 18:30:29 DEBUG POST http://localhost:50187/session/7c4fa4c69ffc50f5e248e70c60289302/element {'using': 'xpath', 'value': '//*[@id="app"]/main/nav/ul/li[3]/a'}
2024-12-08 18:30:33 DEBUG http://localhost:50187 "POST /session/7c4fa4c69ffc50f5e248e70c60289302/element HTTP/11" 200 0
2024-12-08 18:30:33 DEBUG Remote response: status=200 | data={"value":{"element-6066-11e4-a52e-4f735466cecf":"f.359188B67A3875FACB9E39DEAECB6015.d.433883D7BDCD266CF965F3D5E47672E5.e.14"}} | headers=HTTPHeaderDict({'Content-Length': '126', 'Content-Type': 'application/json; charset=utf-8', 'cache-control': 'no-cache'})
2024-12-08 18:30:33 DEBUG Finished Request
2024-12-08 18:30:33 DEBUG GET http://localhost:50187/session/7c4fa4c69ffc50f5e248e70c60289302/element/f.359188B67A3875FACB9E39DEAECB6015.d.433883D7BDCD266CF965F3D5E47672E5.e.14/text {}
2024-12-08 18:30:33 DEBUG http://localhost:50187 "GET /session/7c4fa4c69ffc50f5e248e70c60289302/element/f.359188B67A3875FACB9E39DEAECB6015.d.433883D7BDCD266CF965F3D5E47672E5.e.14/text HTTP/11" 200 0
2024-12-08 18:30:33 DEBUG Remote response: status=200 | data={"value":"Hello, GB2023091eb640"} | headers=HTTPHeaderDict({'Content-Length': '33', 'Content-Type': 'application/json; charset=utf-8', 'cache-control': 'no-cache'})
2024-12-08 18:30:33 DEBUG Finished Request
2024-12-08 18:30:33 DEBUG Текст из ('xpath', '//*[@id="app"]/main/nav/ul/li[3]/a'): Hello, GB2023091eb640
2024-12-08 18:30:33 DEBUG Хотим нажать на Создать пост
2024-12-08 18:30:33 DEBUG POST http://localhost:50187/session/7c4fa4c69ffc50f5e248e70c60289302/element {'using': 'xpath', 'value': '//*[@id="create-btn"]'}
2024-12-08 18:30:33 DEBUG http://localhost:50187 "POST /session/7c4fa4c69ffc50f5e248e70c60289302/element HTTP/11" 200 0
2024-12-08 18:30:33 DEBUG Remote response: status=200 | data={"value":{"element-6066-11e4-a52e-4f735466cecf":"f.359188B67A3875FACB9E39DEAECB6015.d.433883D7BDCD266CF965F3D5E47672E5.e.15"}} | headers=HTTPHeaderDict({'Content-Length': '126', 'Content-Type': 'application/json; charset=utf-8', 'cache-control': 'no-cache'})
2024-12-08 18:30:33 DEBUG Finished Request
2024-12-08 18:30:33 DEBUG POST http://localhost:50187/session/7c4fa4c69ffc50f5e248e70c60289302/element/f.359188B67A3875FACB9E39DEAECB6015.d.433883D7BDCD266CF965F3D5E47672E5.e.15/click {}
2024-12-08 18:30:33 DEBUG http://localhost:50187 "POST /session/7c4fa4c69ffc50f5e248e70c60289302/element/f.359188B67A3875FACB9E39DEAECB6015.d.433883D7BDCD266CF965F3D5E47672E5.e.15/click HTTP/11" 200 0
2024-12-08 18:30:33 DEBUG Remote response: status=200 | data={"value":null} | headers=HTTPHeaderDict({'Content-Length': '14', 'Content-Type': 'application/json; charset=utf-8', 'cache-control': 'no-cache'})
2024-12-08 18:30:33 DEBUG Finished Request
2024-12-08 18:30:33 DEBUG Нажади на Создать пост
2024-12-08 18:30:33 DEBUG Вставить testtest в Заголовок
2024-12-08 18:30:33 DEBUG POST http://localhost:50187/session/7c4fa4c69ffc50f5e248e70c60289302/element {'using': 'xpath', 'value': '//*[@id="app"]/main/div/div/form/div/div/div[1]/div/label/input'}
2024-12-08 18:30:34 DEBUG http://localhost:50187 "POST /session/7c4fa4c69ffc50f5e248e70c60289302/element HTTP/11" 200 0
2024-12-08 18:30:34 DEBUG Remote response: status=200 | data={"value":{"element-6066-11e4-a52e-4f735466cecf":"f.359188B67A3875FACB9E39DEAECB6015.d.04B321BCD55FF3FB1A510DAC48B25963.e.17"}} | headers=HTTPHeaderDict({'Content-Length': '126', 'Content-Type': 'application/json; charset=utf-8', 'cache-control': 'no-cache'})
2024-12-08 18:30:34 DEBUG Finished Request
2024-12-08 18:30:34 DEBUG POST http://localhost:50187/session/7c4fa4c69ffc50f5e248e70c60289302/element/f.359188B67A3875FACB9E39DEAECB6015.d.04B321BCD55FF3FB1A510DAC48B25963.e.17/clear {}
2024-12-08 18:30:34 DEBUG http://localhost:50187 "POST /session/7c4fa4c69ffc50f5e248e70c60289302/element/f.359188B67A3875FACB9E39DEAECB6015.d.04B321BCD55FF3FB1A510DAC48B25963.e.17/clear HTTP/11" 200 0
2024-12-08 18:30:34 DEBUG Remote response: status=200 | data={"value":null} | headers=HTTPHeaderDict({'Content-Length': '14', 'Content-Type': 'application/json; charset=utf-8', 'cache-control': 'no-cache'})
2024-12-08 18:30:34 DEBUG Finished Request
2024-12-08 18:30:34 DEBUG POST http://localhost:50187/session/7c4fa4c69ffc50f5e248e70c60289302/element/f.359188B67A3875FACB9E39DEAECB6015.d.04B321BCD55FF3FB1A510DAC48B25963.e.17/value {'text': 'testtest', 'value': ['t', 'e', 's', 't', 't', 'e', 's', 't']}
2024-12-08 18:30:34 DEBUG http://localhost:50187 "POST /session/7c4fa4c69ffc50f5e248e70c60289302/element/f.359188B67A3875FACB9E39DEAECB6015.d.04B321BCD55FF3FB1A510DAC48B25963.e.17/value HTTP/11" 200 0
2024-12-08 18:30:34 DEBUG Remote response: status=200 | data={"value":null} | headers=HTTPHeaderDict({'Content-Length': '14', 'Content-Type': 'application/json; charset=utf-8', 'cache-control': 'no-cache'})
2024-12-08 18:30:34 DEBUG Finished Request
2024-12-08 18:30:34 DEBUG Вставить testtest в Описание
2024-12-08 18:30:34 DEBUG POST http://localhost:50187/session/7c4fa4c69ffc50f5e248e70c60289302/element {'using': 'xpath', 'value': '//*[@id="app"]/main/div/div/form/div/div/div[2]/div/label/span/textarea'}
2024-12-08 18:30:34 DEBUG http://localhost:50187 "POST /session/7c4fa4c69ffc50f5e248e70c60289302/element HTTP/11" 200 0
2024-12-08 18:30:34 DEBUG Remote response: status=200 | data={"value":{"element-6066-11e4-a52e-4f735466cecf":"f.359188B67A3875FACB9E39DEAECB6015.d.04B321BCD55FF3FB1A510DAC48B25963.e.19"}} | headers=HTTPHeaderDict({'Content-Length': '126', 'Content-Type': 'application/json; charset=utf-8', 'cache-control': 'no-cache'})
2024-12-08 18:30:34 DEBUG Finished Request
2024-12-08 18:30:34 DEBUG POST http://localhost:50187/session/7c4fa4c69ffc50f5e248e70c60289302/element/f.359188B67A3875FACB9E39DEAECB6015.d.04B321BCD55FF3FB1A510DAC48B25963.e.19/clear {}
2024-12-08 18:30:34 DEBUG http://localhost:50187 "POST /session/7c4fa4c69ffc50f5e248e70c60289302/element/f.359188B67A3875FACB9E39DEAECB6015.d.04B321BCD55FF3FB1A510DAC48B25963.e.19/clear HTTP/11" 200 0
2024-12-08 18:30:34 DEBUG Remote response: status=200 | data={"value":null} | headers=HTTPHeaderDict({'Content-Length': '14', 'Content-Type': 'application/json; charset=utf-8', 'cache-control': 'no-cache'})
2024-12-08 18:30:34 DEBUG Finished Request
2024-12-08 18:30:34 DEBUG POST http://localhost:50187/session/7c4fa4c69ffc50f5e248e70c60289302/element/f.359188B67A3875FACB9E39DEAECB6015.d.04B321BCD55FF3FB1A510DAC48B25963.e.19/value {'text': 'testtest', 'value': ['t', 'e', 's', 't', 't', 'e', 's', 't']}
2024-12-08 18:30:34 DEBUG http://localhost:50187 "POST /session/7c4fa4c69ffc50f5e248e70c60289302/element/f.359188B67A3875FACB9E39DEAECB6015.d.04B321BCD55FF3FB1A510DAC48B25963.e.19/value HTTP/11" 200 0
2024-12-08 18:30:34 DEBUG Remote response: status=200 | data={"value":null} | headers=HTTPHeaderDict({'Content-Length': '14', 'Content-Type': 'application/json; charset=utf-8', 'cache-control': 'no-cache'})
2024-12-08 18:30:34 DEBUG Finished Request
2024-12-08 18:30:34 DEBUG Хотим нажать на Сохранить
2024-12-08 18:30:34 DEBUG POST http://localhost:50187/session/7c4fa4c69ffc50f5e248e70c60289302/element {'using': 'xpath', 'value': '//*[@id="app"]/main/div/div/form/div/div/div[7]/div/button'}
2024-12-08 18:30:34 DEBUG http://localhost:50187 "POST /session/7c4fa4c69ffc50f5e248e70c60289302/element HTTP/11" 200 0
2024-12-08 18:30:34 DEBUG Remote response: status=200 | data={"value":{"element-6066-11e4-a52e-4f735466cecf":"f.359188B67A3875FACB9E39DEAECB6015.d.04B321BCD55FF3FB1A510DAC48B25963.e.27"}} | headers=HTTPHeaderDict({'Content-Length': '126', 'Content-Type': 'application/json; charset=utf-8', 'cache-control': 'no-cache'})
2024-12-08 18:30:34 DEBUG Finished Request
2024-12-08 18:30:34 DEBUG POST http://localhost:50187/session/7c4fa4c69ffc50f5e248e70c60289302/element/f.359188B67A3875FACB9E39DEAECB6015.d.04B321BCD55FF3FB1A510DAC48B25963.e.27/click {}
2024-12-08 18:30:34 DEBUG http://localhost:50187 "POST /session/7c4fa4c69ffc50f5e248e70c60289302/element/f.359188B67A3875FACB9E39DEAECB6015.d.04B321BCD55FF3FB1A510DAC48B25963.e.27/click HTTP/11" 200 0
2024-12-08 18:30:34 DEBUG Remote response: status=200 | data={"value":null} | headers=HTTPHeaderDict({'Content-Length': '14', 'Content-Type': 'application/json; charset=utf-8', 'cache-control': 'no-cache'})
2024-12-08 18:30:34 DEBUG Finished Request
2024-12-08 18:30:34 DEBUG Нажади на Сохранить
2024-12-08 18:30:44 DEBUG Получить текст из ('xpath', '//*[@id="app"]/main/div/div[1]/h1')
2024-12-08 18:30:44 DEBUG POST http://localhost:50187/session/7c4fa4c69ffc50f5e248e70c60289302/element {'using': 'xpath', 'value': '//*[@id="app"]/main/div/div[1]/h1'}
2024-12-08 18:30:44 DEBUG http://localhost:50187 "POST /session/7c4fa4c69ffc50f5e248e70c60289302/element HTTP/11" 200 0
2024-12-08 18:30:44 DEBUG Remote response: status=200 | data={"value":{"element-6066-11e4-a52e-4f735466cecf":"f.359188B67A3875FACB9E39DEAECB6015.d.22F66943F4DA26E92878DE03F4306BB5.e.29"}} | headers=HTTPHeaderDict({'Content-Length': '126', 'Content-Type': 'application/json; charset=utf-8', 'cache-control': 'no-cache'})
2024-12-08 18:30:44 DEBUG Finished Request
2024-12-08 18:30:44 DEBUG GET http://localhost:50187/session/7c4fa4c69ffc50f5e248e70c60289302/element/f.359188B67A3875FACB9E39DEAECB6015.d.22F66943F4DA26E92878DE03F4306BB5.e.29/text {}
2024-12-08 18:30:44 DEBUG http://localhost:50187 "GET /session/7c4fa4c69ffc50f5e248e70c60289302/element/f.359188B67A3875FACB9E39DEAECB6015.d.22F66943F4DA26E92878DE03F4306BB5.e.29/text HTTP/11" 200 0
2024-12-08 18:30:44 DEBUG Remote response: status=200 | data={"value":"testtest"} | headers=HTTPHeaderDict({'Content-Length': '20', 'Content-Type': 'application/json; charset=utf-8', 'cache-control': 'no-cache'})
2024-12-08 18:30:44 DEBUG Finished Request
2024-12-08 18:30:44 DEBUG Текст из ('xpath', '//*[@id="app"]/main/div/div[1]/h1'): testtest
2024-12-08 18:30:44 DEBUG Хотим нажать на Связаться
2024-12-08 18:30:44 DEBUG POST http://localhost:50187/session/7c4fa4c69ffc50f5e248e70c60289302/element {'using': 'xpath', 'value': '//*[@id="app"]/main/nav/ul/li[2]/a'}
2024-12-08 18:30:44 DEBUG http://localhost:50187 "POST /session/7c4fa4c69ffc50f5e248e70c60289302/element HTTP/11" 200 0
2024-12-08 18:30:44 DEBUG Remote response: status=200 | data={"value":{"element-6066-11e4-a52e-4f735466cecf":"f.359188B67A3875FACB9E39DEAECB6015.d.22F66943F4DA26E92878DE03F4306BB5.e.30"}} | headers=HTTPHeaderDict({'Content-Length': '126', 'Content-Type': 'application/json; charset=utf-8', 'cache-control': 'no-cache'})
2024-12-08 18:30:44 DEBUG Finished Request
2024-12-08 18:30:44 DEBUG POST http://localhost:50187/session/7c4fa4c69ffc50f5e248e70c60289302/element/f.359188B67A3875FACB9E39DEAECB6015.d.22F66943F4DA26E92878DE03F4306BB5.e.30/click {}
2024-12-08 18:30:44 DEBUG http://localhost:50187 "POST /session/7c4fa4c69ffc50f5e248e70c60289302/element/f.359188B67A3875FACB9E39DEAECB6015.d.22F66943F4DA26E92878DE03F4306BB5.e.30/click HTTP/11" 200 0
2024-12-08 18:30:44 DEBUG Remote response: status=200 | data={"value":null} | headers=HTTPHeaderDict({'Content-Length': '14', 'Content-Type': 'application/json; charset=utf-8', 'cache-control': 'no-cache'})
2024-12-08 18:30:44 DEBUG Finished Request
2024-12-08 18:30:44 DEBUG Нажади на Связаться
2024-12-08 18:30:44 DEBUG Вставить Test Testov в Имя
2024-12-08 18:30:44 DEBUG POST http://localhost:50187/session/7c4fa4c69ffc50f5e248e70c60289302/element {'using': 'xpath', 'value': '//*[@id="contact"]/div[1]/label/input'}
2024-12-08 18:30:44 DEBUG http://localhost:50187 "POST /session/7c4fa4c69ffc50f5e248e70c60289302/element HTTP/11" 404 0
2024-12-08 18:30:44 DEBUG Remote response: status=404 | data={"value":{"error":"no such element","message":"no such element: Unable to locate element: {\"method\":\"xpath\",\"selector\":\"//*[@id=\"contact\"]/div[1]/label/input\"}\n  (Session info: chrome=131.0.6778.109)","stacktrace":"0   chromedriver                        0x000000010483f98c cxxbridge1$str$ptr + 3629928\n1   chromedriver                        0x00000001048381dc cxxbridge1$str$ptr + 3599288\n2   chromedriver                        0x00000001042a4960 cxxbridge1$string$len + 89220\n3   chromedriver                        0x00000001042e8d3c cxxbridge1$string$len + 368736\n4   chromedriver                        0x00000001043225a0 cxxbridge1$string$len + 604356\n5   chromedriver                        0x00000001042dd554 cxxbridge1$string$len + 321656\n6   chromedriver                        0x00000001042de1a4 cxxbridge1$string$len + 324808\n7   chromedriver                        0x000000010480b0d4 cxxbridge1$str$ptr + 3414704\n8   chromedriver                        0x000000010480e400 cxxbridge1$str$ptr + 3427804\n9   chromedriver                        0x00000001047f2420 cxxbridge1$str$ptr + 3313148\n10  chromedriver                        0x000000010480ecc8 cxxbridge1$str$ptr + 3430052\n11  chromedriver                        0x00000001047e3c34 cxxbridge1$str$ptr + 3253776\n12  chromedriver                        0x0000000104828b44 cxxbridge1$str$ptr + 3536160\n13  chromedriver                        0x0000000104828cc0 cxxbridge1$str$ptr + 3536540\n14  chromedriver                        0x0000000104837e50 cxxbridge1$str$ptr + 3598380\n15  libsystem_pthread.dylib             0x000000019379df94 _pthread_start + 136\n16  libsystem_pthread.dylib             0x0000000193798d34 thread_start + 8\n"}} | headers=HTTPHeaderDict({'Content-Length': '1731', 'Content-Type': 'application/json; charset=utf-8', 'cache-control': 'no-cache'})
2024-12-08 18:30:44 DEBUG Finished Request
2024-12-08 18:30:44 DEBUG POST http://localhost:50187/session/7c4fa4c69ffc50f5e248e70c60289302/element {'using': 'xpath', 'value': '//*[@id="contact"]/div[1]/label/input'}
2024-12-08 18:30:44 DEBUG http://localhost:50187 "POST /session/7c4fa4c69ffc50f5e248e70c60289302/element HTTP/11" 200 0
2024-12-08 18:30:44 DEBUG Remote response: status=200 | data={"value":{"element-6066-11e4-a52e-4f735466cecf":"f.359188B67A3875FACB9E39DEAECB6015.d.22F66943F4DA26E92878DE03F4306BB5.e.32"}} | headers=HTTPHeaderDict({'Content-Length': '126', 'Content-Type': 'application/json; charset=utf-8', 'cache-control': 'no-cache'})
2024-12-08 18:30:44 DEBUG Finished Request
2024-12-08 18:30:44 DEBUG POST http://localhost:50187/session/7c4fa4c69ffc50f5e248e70c60289302/element/f.359188B67A3875FACB9E39DEAECB6015.d.22F66943F4DA26E92878DE03F4306BB5.e.32/clear {}
2024-12-08 18:30:44 DEBUG http://localhost:50187 "POST /session/7c4fa4c69ffc50f5e248e70c60289302/element/f.359188B67A3875FACB9E39DEAECB6015.d.22F66943F4DA26E92878DE03F4306BB5.e.32/clear HTTP/11" 200 0
2024-12-08 18:30:44 DEBUG Remote response: status=200 | data={"value":null} | headers=HTTPHeaderDict({'Content-Length': '14', 'Content-Type': 'application/json; charset=utf-8', 'cache-control': 'no-cache'})
2024-12-08 18:30:44 DEBUG Finished Request
2024-12-08 18:30:44 DEBUG POST http://localhost:50187/session/7c4fa4c69ffc50f5e248e70c60289302/element/f.359188B67A3875FACB9E39DEAECB6015.d.22F66943F4DA26E92878DE03F4306BB5.e.32/value {'text': 'Test Testov', 'value': ['T', 'e', 's', 't', ' ', 'T', 'e', 's', 't', 'o', 'v']}
2024-12-08 18:30:44 DEBUG http://localhost:50187 "POST /session/7c4fa4c69ffc50f5e248e70c60289302/element/f.359188B67A3875FACB9E39DEAECB6015.d.22F66943F4DA26E92878DE03F4306BB5.e.32/value HTTP/11" 200 0
2024-12-08 18:30:44 DEBUG Remote response: status=200 | data={"value":null} | headers=HTTPHeaderDict({'Content-Length': '14', 'Content-Type': 'application/json; charset=utf-8', 'cache-control': 'no-cache'})
2024-12-08 18:30:44 DEBUG Finished Request
2024-12-08 18:30:44 DEBUG Вставить test@test.ru в Почта
2024-12-08 18:30:44 DEBUG POST http://localhost:50187/session/7c4fa4c69ffc50f5e248e70c60289302/element {'using': 'xpath', 'value': '//*[@id="contact"]/div[2]/label/input'}
2024-12-08 18:30:44 DEBUG http://localhost:50187 "POST /session/7c4fa4c69ffc50f5e248e70c60289302/element HTTP/11" 200 0
2024-12-08 18:30:44 DEBUG Remote response: status=200 | data={"value":{"element-6066-11e4-a52e-4f735466cecf":"f.359188B67A3875FACB9E39DEAECB6015.d.22F66943F4DA26E92878DE03F4306BB5.e.34"}} | headers=HTTPHeaderDict({'Content-Length': '126', 'Content-Type': 'application/json; charset=utf-8', 'cache-control': 'no-cache'})
2024-12-08 18:30:44 DEBUG Finished Request
2024-12-08 18:30:44 DEBUG POST http://localhost:50187/session/7c4fa4c69ffc50f5e248e70c60289302/element/f.359188B67A3875FACB9E39DEAECB6015.d.22F66943F4DA26E92878DE03F4306BB5.e.34/clear {}
2024-12-08 18:30:44 DEBUG http://localhost:50187 "POST /session/7c4fa4c69ffc50f5e248e70c60289302/element/f.359188B67A3875FACB9E39DEAECB6015.d.22F66943F4DA26E92878DE03F4306BB5.e.34/clear HTTP/11" 200 0
2024-12-08 18:30:44 DEBUG Remote response: status=200 | data={"value":null} | headers=HTTPHeaderDict({'Content-Length': '14', 'Content-Type': 'application/json; charset=utf-8', 'cache-control': 'no-cache'})
2024-12-08 18:30:44 DEBUG Finished Request
2024-12-08 18:30:44 DEBUG POST http://localhost:50187/session/7c4fa4c69ffc50f5e248e70c60289302/element/f.359188B67A3875FACB9E39DEAECB6015.d.22F66943F4DA26E92878DE03F4306BB5.e.34/value {'text': 'test@test.ru', 'value': ['t', 'e', 's', 't', '@', 't', 'e', 's', 't', '.', 'r', 'u']}
2024-12-08 18:30:44 DEBUG http://localhost:50187 "POST /session/7c4fa4c69ffc50f5e248e70c60289302/element/f.359188B67A3875FACB9E39DEAECB6015.d.22F66943F4DA26E92878DE03F4306BB5.e.34/value HTTP/11" 200 0
2024-12-08 18:30:44 DEBUG Remote response: status=200 | data={"value":null} | headers=HTTPHeaderDict({'Content-Length': '14', 'Content-Type': 'application/json; charset=utf-8', 'cache-control': 'no-cache'})
2024-12-08 18:30:44 DEBUG Finished Request
2024-12-08 18:30:44 DEBUG Хотим нажать на Отправить контакты
2024-12-08 18:30:44 DEBUG POST http://localhost:50187/session/7c4fa4c69ffc50f5e248e70c60289302/element {'using': 'xpath', 'value': '//*[@id="contact"]/div[4]/button'}
2024-12-08 18:30:44 DEBUG http://localhost:50187 "POST /session/7c4fa4c69ffc50f5e248e70c60289302/element HTTP/11" 200 0
2024-12-08 18:30:44 DEBUG Remote response: status=200 | data={"value":{"element-6066-11e4-a52e-4f735466cecf":"f.359188B67A3875FACB9E39DEAECB6015.d.22F66943F4DA26E92878DE03F4306BB5.e.39"}} | headers=HTTPHeaderDict({'Content-Length': '126', 'Content-Type': 'application/json; charset=utf-8', 'cache-control': 'no-cache'})
2024-12-08 18:30:44 DEBUG Finished Request
2024-12-08 18:30:44 DEBUG POST http://localhost:50187/session/7c4fa4c69ffc50f5e248e70c60289302/element/f.359188B67A3875FACB9E39DEAECB6015.d.22F66943F4DA26E92878DE03F4306BB5.e.39/click {}
2024-12-08 18:30:44 DEBUG http://localhost:50187 "POST /session/7c4fa4c69ffc50f5e248e70c60289302/element/f.359188B67A3875FACB9E39DEAECB6015.d.22F66943F4DA26E92878DE03F4306BB5.e.39/click HTTP/11" 200 0
2024-12-08 18:30:44 DEBUG Remote response: status=200 | data={"value":null} | headers=HTTPHeaderDict({'Content-Length': '14', 'Content-Type': 'application/json; charset=utf-8', 'cache-control': 'no-cache'})
2024-12-08 18:30:44 DEBUG Finished Request
2024-12-08 18:30:44 DEBUG Нажади на Отправить контакты
2024-12-08 18:30:54 INFO Получает текст alert
2024-12-08 18:30:54 DEBUG GET http://localhost:50187/session/7c4fa4c69ffc50f5e248e70c60289302/alert/text {}
2024-12-08 18:30:54 DEBUG http://localhost:50187 "GET /session/7c4fa4c69ffc50f5e248e70c60289302/alert/text HTTP/11" 200 0
2024-12-08 18:30:54 DEBUG Remote response: status=200 | data={"value":"Form successfully submitted"} | headers=HTTPHeaderDict({'Content-Length': '39', 'Content-Type': 'application/json; charset=utf-8', 'cache-control': 'no-cache'})
2024-12-08 18:30:54 DEBUG Finished Request
2024-12-08 18:30:54 DEBUG GET http://localhost:50187/session/7c4fa4c69ffc50f5e248e70c60289302/alert/text {}
2024-12-08 18:30:54 DEBUG http://localhost:50187 "GET /session/7c4fa4c69ffc50f5e248e70c60289302/alert/text HTTP/11" 200 0
2024-12-08 18:30:54 DEBUG Remote response: status=200 | data={"value":"Form successfully submitted"} | headers=HTTPHeaderDict({'Content-Length': '39', 'Content-Type': 'application/json; charset=utf-8', 'cache-control': 'no-cache'})
2024-12-08 18:30:54 DEBUG Finished Request
2024-12-08 18:30:54 INFO Тест: Form successfully submitted
2024-12-08 18:30:54 INFO Получаем токен
2024-12-08 18:30:54 DEBUG Starting new HTTPS connection (1): test-stand.gb.ru:443
2024-12-08 18:30:59 DEBUG https://test-stand.gb.ru:443 "POST /gateway/login HTTP/11" 200 243
2024-12-08 18:30:59 DEBUG Токен: ea4c8fd02a8e3ff083d23a311dbf1c7f
2024-12-08 18:30:59 INFO создаем новый пост
2024-12-08 18:30:59 DEBUG Starting new HTTPS connection (1): test-stand.gb.ru:443
2024-12-08 18:31:04 DEBUG https://test-stand.gb.ru:443 "POST /api/posts HTTP/11" 200 310
2024-12-08 18:31:04 DEBUG Пост: {'id': 129858, 'title': 'Тест', 'description': 'Тест 82', 'content': 'Тест', 'authorId': 39846, 'mainImage': {'id': None, 'cdnUrl': ''}, 'updatedAt': '2024-12-08T15:31:04+00:00', 'createdAt': '2024-12-08T15:31:04+00:00', 'labels': [], 'delayPublishTo': None, 'draft': False}
2024-12-08 18:31:04 INFO Получаем все посты
2024-12-08 18:31:04 INFO Получаем токен
2024-12-08 18:31:04 DEBUG Starting new HTTPS connection (1): test-stand.gb.ru:443
2024-12-08 18:31:09 DEBUG https://test-stand.gb.ru:443 "POST /gateway/login HTTP/11" 200 243
2024-12-08 18:31:09 DEBUG Токен: ea4c8fd02a8e3ff083d23a311dbf1c7f
2024-12-08 18:31:09 DEBUG Starting new HTTPS connection (1): test-stand.gb.ru:443
2024-12-08 18:31:13 DEBUG https://test-stand.gb.ru:443 "GET /api/posts?page=1 HTTP/11" 200 1182
2024-12-08 18:31:13 DEBUG Посты: ['Тест 82', 'testtest', 'Тест 20', 'testtest']
2024-12-08 18:31:13 DEBUG DELETE http://localhost:50187/session/7c4fa4c69ffc50f5e248e70c60289302 {}
2024-12-08 18:31:13 DEBUG http://localhost:50187 "DELETE /session/7c4fa4c69ffc50f5e248e70c60289302 HTTP/11" 200 0
2024-12-08 18:31:13 DEBUG Remote response: status=200 | data={"value":null} | headers=HTTPHeaderDict({'Content-Length': '14', 'Content-Type': 'application/json; charset=utf-8', 'cache-control': 'no-cache'})
2024-12-08 18:31:13 DEBUG Finished Request
